2017-12-07 19:38:56,232 INFO 

=========Load data without Hoehn-Yahr index and updrs_3_scores features=========


2017-12-07 19:38:56,262 INFO processing clinical data
2017-12-07 19:38:56,289 INFO processing lab data
2017-12-07 19:38:56,309 INFO processing imaging data
2017-12-07 19:38:56,320 DEBUG labels: [2 2 2 2 2 2 2 2 2 2 2 2 2 2 2 2 2 2 1 0 0 0 1 0 0 1 1 0 1 0 1 0 1 0 0 0 0
 0 0 0 0 0 1 0 0 1 0 1 0 1 0 0 0 0 0 1 0 0 0 1 1 1 1 1 1 0 0 0 0 0 1 0 1 0
 0 1 0 1 0 1 0 0 1 0 0 1 0 1 1 0 0 0 0 0 0 0 0 0 0 0 0 0 0 0 0 0 1 0 1 1 1
 1 0 1 0 0 1 1 1 0 0 0 0 0 0 0 0 0 0 0 0 1 0 1 1 1 0 0 1 0 0 0 0 1 0 1 1 1
 0 1 0 1 1 0 0 0 0 0 0 0 0 0 0 0 1 0 0 0 0 1 1 1 0 0 0 1 1 0 1 0 1 1 0 0 0
 0 0 0 0 0 0 1 1 0 0 0 0 1 0 0 0 0 1 1 1 0 0 0 0 0 0 0 0 0 1 1 0 1 0 1 1 1
 0 0 1 1 1 0 0 0 0 1 1 1 0 0 0 0 0 0 0 0 0 0 0 0 0 1 1 0 0 1 0 1 1 0 0 0 1
 1 1 0 0 0 0 0 0 0 0 1 1 0 0 0 0 0 0 0 0 0 0 0 0 0 0 0 0 1 0 1 1 0 0 1 1 0
 1 0 0 1 1 0 1 0 0 0 0 0 0 0 1 1 1 1 0 0 0 0 1 0 0 0 0 0 0 1 0 1 1 1 1 0 1
 1 1 1 0 0 0 0 0 1 0 1 1 1 0 1 1 0 0 0 0 1 0 1 0 1 1 1 1 0 0 0 0 0 0 0 0 0
 0 0 0 1 0 0 0 0 0 0 0 0 1 0 1 1 1 0 0 1 1 0 0 1 0 1 0 0 0 0 0 0 0 1 1 1 0
 0 1 0 0 1 0 1 0 0 0 1 0 0 0 1 0 0 0 0 0 0 0 0 0 0 1 0 0 1 1 0 0 1 0 0 0 1
 0 1 1 1 0 0 1 0 0 0 0 0 1 0 0 0 0 0 0 0 0 0 1 0 1 0 0 1 1 1 1 1 0 1 1 1 1
 0 0 1 1 0 0 0 0 0 0 0 0 0 0 0 0 0 0 0 0 1 1 1 1 1 1 0 1 0 1 0 0 0 0 0 0 0
 1 0 0 0 1 1 0 0 0 0 1 1 0 1 0 0 1 0 0 1 0 0 0 0 0 1 1 1 1 1 0 0 0 1 0 0 1
 1 0 0 0 0 1 0 0 0 0 0 0 0 0 0 0 1 0 0 0 0 0 0 0 0 0 0 0 0 0 0 1 0 0 0 0 0
 0 0 0 0 1 0 0 0 1 1 0 0 0 0 0 0 0 1 0 0 0 1 1 0 0 0 0 0 0 0 0 0 0 1 0 1 0
 0 0 0 0 0 0 0 1 2 2 2 2 2 2 2 2 2 2 2 2 2 2 2 2 2 2 2 2 2 2 2 2 2 2 2 2 2
 2 2 2 2 2 2 2 2 2 2 2 2 2 2 2 2 2 2]
2017-12-07 19:38:56,323 DEBUG Feature names: Index([u'age', u'gender', u'updrs_1_score', u'updrs_2_score', u'updrs_4_score',
       u'adl', u'gds_score', u'moca_score', u'scopa_score', u'epworth_score',
       u'upsit_score', u'ALPHA_SYNUCLEIN_BL', u'ALPHA_SYNUCLEIN_V01',
       u'ALPHA_SYNUCLEIN_V02', u'ALPHA_SYNUCLEIN_V04', u'ALPHA_SYNUCLEIN_V05',
       u'ALPHA_SYNUCLEIN_V06', u'ALPHA_SYNUCLEIN_V07', u'ALPHA_SYNUCLEIN_V08',
       u'HEMOGLOBIN_BL', u'HEMOGLOBIN_V02', u'HEMOGLOBIN_V04',
       u'HEMOGLOBIN_V06', u'HEMOGLOBIN_V08', u'MRIRSLT', u'Caudate',
       u'Putamen', u'Striatum', u'Density', u'Asymmetry'],
      dtype='object')
2017-12-07 19:38:56,326 INFO train labels: [1 0 0 0 1 0 0 1 0 1 0 1 0 0 1 1 0 0 0 0 1 0 1 0 0 0 2 0 0 2 0 0 0 0 1 0 0
 0 0 1 1 0 0 2 0 0 0 0 0 1 2 0 0 0 1 0 0 0 1 0 2 1 0 0 2 1 0 0 1 0 1 0 0 2
 1 1 1 0 2 2 0 0 0 0 0 0 1 1 0 1 1 2 1 1 1 1 2 1 0 0 0 1 0 1 0 0 0 0 0 1 1
 1 0 1 0 0 0 1 0 0 1 2 0 1 0 0 1 0 1 0 2 0 2 2 0 1 1 1 0 1 1 0 0 0 0 0 0 0
 0 0 0 0 0 2 0 0 0 0 0 0 0 0 0 0 0 1 0 0 0 0 1 0 2 1 0 0 0 1 0 0 1 1 1 2 0
 1 0 1 0 2 0 0 0 0 0 0 0 1 1 1 0 1 0 0 0 0 2 0 0 0 1 2 0 0 0 1 0 1 0 1 0 0
 1 0 2 1 0 0 2 2 0 2 1 2 1 0 0 0 0 0 0 0 1 1 0 0 0 0 0 0 0 0 2 0 0 1 0 0 0
 0 0 0 2 2 0 1 0 0 0 0 0 0 0 0 0 0 0 0 1 0 0 1 1 0 0 1 0 1 0 0 0 2 0 0 1 1
 2 0 0 1 0 1 2 0 0 0 1 0 0 0 0 1 1 2 0 1 0 0 0 0 0 0 0 0 0 1 0 0 0 0 0 0 0
 0 1 1 1 0 0 0 0 0 1 1 1 0 1 0 0 0 0 1 0 0 0 0 0 0 0 0 1 1 0 0 0 1 0 0 0 0
 1 0 0 1 0 0 0 2 0 1 0 0 0 0 1 2 0 0 0 0 0 1 0 1 1 0 0 0 1 1 1 0 0 1 1 2 0
 1 1 1 2 0 0 1 0 0 0 0 0 1 0 0 2 0 0 0 0 0 0 0 0 0 1 2 0 1 0 0 0 1 1 1 0 1
 0 0 0 0 0 0 0 0 0 1 1 1 0 2 0 1 2 0 0 0 0 0 0 0 0 0 1 0 0 2 1 0 0 1 0 0 0
 0 1 2 2 0 0 0 0 1 0 0 0 0 0 0 1 0 2 0 1 0 0 0 2 1 2 1 0 0 0 0 1 1 0 1 1 0
 0 1 0 0 0 1 1 1 0 1 0 2 0 2 0 0 1 0 1 1 1 0 1 0 0 1 1 1 0]
2017-12-07 19:38:56,327 INFO test labels: [0 1 0 1 2 0 1 0 1 0 0 1 1 0 2 1 0 0 0 0 1 2 0 0 0 0 2 0 1 1 2 0 0 1 1 0 1
 0 1 1 0 0 0 2 0 1 2 1 2 0 0 0 0 0 2 1 1 1 0 0 0 2 2 0 2 0 0 0 0 0 0 1 0 0
 0 1 2 1 0 1 0 0 1 0 1 0 1 0 1 1 0 0 0 1 1 1 0 0 1 2 0 0 1 1 0 0 0 2 0 0 1
 0 0 0 1 0 0 1 1 0 0 1 1 1 1 0 0 1 0 0 2 0 1 1 0 0 0]
2017-12-07 19:38:56,451 INFO Completed with 0.2192299366 seconds
